<?xml version="1.0" encoding="UTF-8"?>
<testng-results ignored="0" total="2" passed="2" failed="0" skipped="0">
  <reporter-output>
  </reporter-output>
  <suite started-at="2024-05-06T13:43:09 MDT" name="Default suite" finished-at="2024-05-06T13:43:09 MDT" duration-ms="195">
    <groups>
    </groups>
    <test started-at="2024-05-06T13:43:09 MDT" name="Default test" finished-at="2024-05-06T13:43:09 MDT" duration-ms="195">
      <class name="firstPackage.Streams">
        <test-method signature="countWithStreams()[pri:0, instance:firstPackage.Streams@3e92efc3]" started-at="2024-05-06T13:43:09 MDT" name="countWithStreams" finished-at="2024-05-06T13:43:09 MDT" duration-ms="25" status="PASS">
          <reporter-output>
          </reporter-output>
        </test-method> <!-- countWithStreams -->
        <test-method signature="streamMap()[pri:0, instance:firstPackage.Streams@3e92efc3]" started-at="2024-05-06T13:43:09 MDT" name="streamMap" finished-at="2024-05-06T13:43:09 MDT" duration-ms="31" status="PASS">
          <reporter-output>
          </reporter-output>
        </test-method> <!-- streamMap -->
      </class> <!-- firstPackage.Streams -->
    </test> <!-- Default test -->
  </suite> <!-- Default suite -->
</testng-results>
